<?xml version="1.0" encoding="UTF-8"?>
<!-- Generated by org.testng.reporters.JUnitXMLReporter -->
<testsuite ignored="14" hostname="MSI" failures="0" tests="1" name="Default test" time="2.141" errors="0" timestamp="2024-05-07T15:16:32 IST">
  <testcase classname="apiHandsOn.ApiRepo" name="deleteAFile" time="2.097"/>
  <testcase classname="apiHandsOn.ApiRepo" name="deleteARepository" time="0.0">
    <ignored/>
  </testcase> <!-- deleteARepository -->
  <testcase classname="apiHandsOn.ApiRepo" name="getARepository" time="0.0">
    <ignored/>
  </testcase> <!-- getARepository -->
  <testcase classname="apiHandsOn.ApiRepo" name="deleteAutolink" time="0.0">
    <ignored/>
  </testcase> <!-- deleteAutolink -->
  <testcase classname="apiHandsOn.ApiRepo" name="getAAutolinkReferance" time="0.0">
    <ignored/>
  </testcase> <!-- getAAutolinkReferance -->
  <testcase classname="apiHandsOn.ApiRepo" name="CreateOrUpdateFileContent" time="0.0">
    <ignored/>
  </testcase> <!-- CreateOrUpdateFileContent -->
  <testcase classname="apiHandsOn.ApiRepo" name="listRepositoryTag" time="0.0">
    <ignored/>
  </testcase> <!-- listRepositoryTag -->
  <testcase classname="apiHandsOn.ApiRepo" name="listRepositories" time="0.0">
    <ignored/>
  </testcase> <!-- listRepositories -->
  <testcase classname="apiHandsOn.ApiRepo" name="replaceRepoTopics" time="0.0">
    <ignored/>
  </testcase> <!-- replaceRepoTopics -->
  <testcase classname="apiHandsOn.ApiRepo" name="updateARepository" time="0.0">
    <ignored/>
  </testcase> <!-- updateARepository -->
  <testcase classname="apiHandsOn.ApiRepo" name="getAllRepositoryTopic" time="0.0">
    <ignored/>
  </testcase> <!-- getAllRepositoryTopic -->
  <testcase classname="apiHandsOn.ApiRepo" name="listPublicRepositories" time="0.0">
    <ignored/>
  </testcase> <!-- listPublicRepositories -->
  <testcase classname="apiHandsOn.ApiRepo" name="listRepositoryLanguage" time="0.0">
    <ignored/>
  </testcase> <!-- listRepositoryLanguage -->
  <testcase classname="apiHandsOn.ApiRepo" name="authorizationRepo" time="0.0">
    <ignored/>
  </testcase> <!-- authorizationRepo -->
  <testcase classname="apiHandsOn.ApiRepo" name="autolink" time="0.0">
    <ignored/>
  </testcase> <!-- autolink -->
</testsuite> <!-- Default test -->
