<?xml version="1.0" encoding="UTF-8"?>
<testng-results ignored="14" total="15" passed="1" failed="0" skipped="0">
  <reporter-output>
  </reporter-output>
  <suite started-at="2024-05-07T15:16:30 IST" name="Default suite" finished-at="2024-05-07T15:16:32 IST" duration-ms="2141">
    <groups>
    </groups>
    <test started-at="2024-05-07T15:16:30 IST" name="Default test" finished-at="2024-05-07T15:16:32 IST" duration-ms="2141">
      <class name="apiHandsOn.ApiRepo">
        <test-method signature="deleteAFile()[pri:0, instance:apiHandsOn.ApiRepo@659499f1]" started-at="2024-05-07T15:16:30 IST" name="deleteAFile" finished-at="2024-05-07T15:16:32 IST" duration-ms="2097" status="PASS">
          <reporter-output>
          </reporter-output>
        </test-method> <!-- deleteAFile -->
      </class> <!-- apiHandsOn.ApiRepo -->
    </test> <!-- Default test -->
  </suite> <!-- Default suite -->
</testng-results>
